<?xml version="1.0" encoding="UTF-8"?>
<testng-results ignored="0" total="1" passed="1" failed="0" skipped="0">
  <reporter-output>
  </reporter-output>
  <suite started-at="2024-03-05T16:53:48 IST" name="Suite" finished-at="2024-03-05T16:54:08 IST" duration-ms="19180">
    <groups>
    </groups>
    <test started-at="2024-03-05T16:53:48 IST" name="Test" finished-at="2024-03-05T16:54:08 IST" duration-ms="19180">
      <class name="com.mystore.testclasses.TC_MyAccountPageTest">
        <test-method is-config="true" signature="setup()[pri:0, instance:com.mystore.testclasses.TC_MyAccountPageTest@62ddbd7e]" started-at="2024-03-05T16:53:49 IST" name="setup" finished-at="2024-03-05T16:54:03 IST" duration-ms="14469" status="PASS">
          <reporter-output>
          </reporter-output>
        </test-method> <!-- setup -->
        <test-method signature="VerifyLogin()[pri:0, instance:com.mystore.testclasses.TC_MyAccountPageTest@62ddbd7e]" started-at="2024-03-05T16:54:03 IST" name="VerifyLogin" finished-at="2024-03-05T16:54:07 IST" duration-ms="3955" status="PASS">
          <reporter-output>
          </reporter-output>
        </test-method> <!-- VerifyLogin -->
        <test-method is-config="true" signature="tearDown()[pri:0, instance:com.mystore.testclasses.TC_MyAccountPageTest@62ddbd7e]" started-at="2024-03-05T16:54:07 IST" name="tearDown" finished-at="2024-03-05T16:54:08 IST" duration-ms="251" status="PASS">
          <reporter-output>
          </reporter-output>
        </test-method> <!-- tearDown -->
      </class> <!-- com.mystore.testclasses.TC_MyAccountPageTest -->
    </test> <!-- Test -->
  </suite> <!-- Suite -->
</testng-results>
